<?xml version="1.0" encoding="UTF-8"?>
<testng-results ignored="0" total="1" passed="1" failed="0" skipped="0">
  <reporter-output>
  </reporter-output>
  <suite started-at="2019-12-11T05:36:38Z" name="Default suite" finished-at="2019-12-11T05:37:10Z" duration-ms="31733">
    <groups>
    </groups>
    <test started-at="2019-12-11T05:36:38Z" name="Default test" finished-at="2019-12-11T05:37:10Z" duration-ms="31733">
      <class name="com.letskodeit.testclasses.AllCoursesTests">
        <test-method is-config="true" signature="setup()[pri:0, instance:com.letskodeit.testclasses.AllCoursesTests@1e178745]" started-at="2019-12-11T05:36:38Z" name="setup" finished-at="2019-12-11T05:36:51Z" duration-ms="12224" status="PASS">
          <reporter-output>
          </reporter-output>
        </test-method> <!-- setup -->
        <test-method signature="verifySearchCourse()[pri:0, instance:com.letskodeit.testclasses.AllCoursesTests@1e178745]" started-at="2019-12-11T05:36:51Z" name="verifySearchCourse" finished-at="2019-12-11T05:37:09Z" duration-ms="18632" status="PASS">
          <reporter-output>
          </reporter-output>
        </test-method> <!-- verifySearchCourse -->
        <test-method is-config="true" signature="tearDown()[pri:0, instance:com.letskodeit.testclasses.AllCoursesTests@1e178745]" started-at="2019-12-11T05:37:09Z" name="tearDown" finished-at="2019-12-11T05:37:10Z" duration-ms="819" status="PASS">
          <reporter-output>
          </reporter-output>
        </test-method> <!-- tearDown -->
      </class> <!-- com.letskodeit.testclasses.AllCoursesTests -->
    </test> <!-- Default test -->
  </suite> <!-- Default suite -->
</testng-results>
